<?xml version="1.0" encoding="UTF-8"?>
<!-- Generated by org.testng.reporters.JUnitXMLReporter -->
<testsuite hostname="Sudipas-MacBook-Pro.local" ignored="0" name="Test" tests="4" failures="0" timestamp="2022-06-26T13:38:11 IST" time="55.967" errors="0">
  <testcase name="login" time="3.34" classname="Coreyoo.Coreyoo_Project.LoginTest"/>
  <testcase name="signUp" time="0.881" classname="Coreyoo.Coreyoo_Project.SignUpTest"/>
  <testcase name="selectParcel" time="9.943" classname="Coreyoo.Coreyoo_Project.ParcelTest"/>
  <testcase name="chooseProvider" time="9.749" classname="Coreyoo.Coreyoo_Project.DocumentTest"/>
</testsuite> <!-- Test -->
