<?xml version="1.0" encoding="UTF-8"?>
<testng-results skipped="0" failed="0" ignored="0" total="1" passed="1">
  <reporter-output>
  </reporter-output>
  <suite name="Default suite" duration-ms="17072" started-at="2022-06-26T14:07:53 IST" finished-at="2022-06-26T14:08:10 IST">
    <groups>
    </groups>
    <test name="Default test" duration-ms="17072" started-at="2022-06-26T14:07:53 IST" finished-at="2022-06-26T14:08:10 IST">
      <class name="Coreyoo.Coreyoo_Project.ParcelTest">
        <test-method status="PASS" signature="startTest()[pri:0, instance:Coreyoo.Coreyoo_Project.ParcelTest@15d9bc04]" name="startTest" is-config="true" duration-ms="3296" started-at="2022-06-26T14:07:53 IST" finished-at="2022-06-26T14:07:56 IST">
          <reporter-output>
          </reporter-output>
        </test-method> <!-- startTest -->
        <test-method status="PASS" signature="selectParcel()[pri:0, instance:Coreyoo.Coreyoo_Project.ParcelTest@15d9bc04]" name="selectParcel" duration-ms="9495" started-at="2022-06-26T14:07:56 IST" finished-at="2022-06-26T14:08:06 IST">
          <reporter-output>
          </reporter-output>
        </test-method> <!-- selectParcel -->
        <test-method status="PASS" signature="endTest()[pri:0, instance:Coreyoo.Coreyoo_Project.ParcelTest@15d9bc04]" name="endTest" is-config="true" duration-ms="4260" started-at="2022-06-26T14:08:06 IST" finished-at="2022-06-26T14:08:10 IST">
          <reporter-output>
          </reporter-output>
        </test-method> <!-- endTest -->
      </class> <!-- Coreyoo.Coreyoo_Project.ParcelTest -->
    </test> <!-- Default test -->
  </suite> <!-- Default suite -->
</testng-results>
